<?xml version="1.0" encoding="UTF-8"?>
<!-- Generated by org.testng.reporters.JUnitXMLReporter -->
<testsuite ignored="0" hostname="Saanvi_Singh" failures="0" tests="10" name="TestOnFireFox" time="25.135" errors="0" timestamp="2023-10-12T21:50:10 EDT">
  <testcase classname="crossBrowser.CrossBrowserStackTesting" name="Login_in" time="2.903"/>
  <testcase classname="crossBrowser.CrossBrowserStackTesting" name="User_Open_The_Stack_Page" time="0.867"/>
  <testcase classname="crossBrowser.CrossBrowserStackTesting" name="User_Open_The_Page_Operations_In_Stack" time="1.284"/>
  <testcase classname="crossBrowser.CrossBrowserStackTesting" name="Open_the_TryeditorPage_in_Operationpage_of_Stack" time="1.974"/>
  <testcase classname="crossBrowser.CrossBrowserStackTesting" name="Enters_Message_Run_Test_in_TryEditorBox" time="2.266"/>
  <testcase classname="crossBrowser.CrossBrowserStackTesting" name="Open_The_ImplementationPage_in_Stack" time="1.301"/>
  <testcase classname="crossBrowser.CrossBrowserStackTesting" name="Run_Test_In_TryEditor_of_Implementationpage_in_stack" time="1.828"/>
  <testcase classname="crossBrowser.CrossBrowserStackTesting" name="Open_The_Applicationspage_In_Stack" time="0.824"/>
  <testcase classname="crossBrowser.CrossBrowserStackTesting" name="Run_Test_In_TryEditor_of_Applicationspage_in_stack" time="1.872"/>
  <testcase classname="crossBrowser.CrossBrowserStackTesting" name="Open_Practice_Questions_Page_in_stack" time="1.141"/>
</testsuite> <!-- TestOnFireFox -->
